<?xml version="1.0" encoding="UTF-8"?>
<!-- Generated by org.testng.reporters.JUnitReportReporter -->
<testsuite skipped="0" hostname="LAPTOP-354O6RMQ" name="com.iq.tests.AmazonHomePageTest" tests="1" failures="0" timestamp="05 Feb 2021 23:54:47 GMT" time="22.171" errors="0">
  <testcase name="testAmazonHomePage" time="22.171" classname="com.iq.tests.AmazonHomePageTest"/>
</testsuite> <!-- com.iq.tests.AmazonHomePageTest -->
