<?xml version="1.0" encoding="UTF-8"?>
<!-- Generated by org.testng.reporters.JUnitReportReporter -->
<testsuite skipped="0" hostname="LAPTOP-354O6RMQ" name="com.iq.tests.OrangeHRMLoginPageTest" tests="2" failures="0" timestamp="08 Feb 2021 20:53:12 GMT" time="18.441" errors="0">
  <testcase name="testLoginLogout" time="9.067" classname="com.iq.tests.OrangeHRMLoginPageTest"/>
  <testcase name="newTest" time="9.374" classname="com.iq.tests.OrangeHRMLoginPageTest"/>
</testsuite> <!-- com.iq.tests.OrangeHRMLoginPageTest -->
