<?xml version="1.0" encoding="UTF-8"?>
<!-- Generated by org.testng.reporters.JUnitReportReporter -->
<testsuite skipped="0" hostname="LAPTOP-354O6RMQ" name="com.iq.tests.HompageTest" tests="2" failures="0" timestamp="28 Jan 2021 20:45:09 GMT" time="25.348" errors="0">
  <testcase name="testMethod" time="12.298" classname="com.iq.tests.HompageTest"/>
  <testcase name="testGoogleSearchTitle" time="13.050" classname="com.iq.tests.HompageTest"/>
</testsuite> <!-- com.iq.tests.HompageTest -->
