<?xml version="1.0" encoding="UTF-8"?>
<!-- Generated by org.testng.reporters.JUnitReportReporter -->
<testsuite skipped="0" hostname="LAPTOP-354O6RMQ" name="com.iq.tests.GoogleSearchTest" tests="1" failures="0" timestamp="28 Jan 2021 20:45:09 GMT" time="15.864" errors="0">
  <testcase name="testGoogleSearch" time="15.864" classname="com.iq.tests.GoogleSearchTest"/>
</testsuite> <!-- com.iq.tests.GoogleSearchTest -->
